mode: set
forest/usecases/report/report_usecase.go:23.88,25.16 2 1
forest/usecases/report/report_usecase.go:25.16,27.3 1 1
forest/usecases/report/report_usecase.go:28.2,28.24 1 1
forest/usecases/report/report_usecase.go:28.24,30.3 1 1
forest/usecases/report/report_usecase.go:31.2,31.26 1 1
forest/usecases/report/report_usecase.go:31.26,33.3 1 0
forest/usecases/report/report_usecase.go:35.2,35.36 1 1
forest/usecases/report/report_usecase.go:38.65,40.2 1 1
forest/usecases/report/report_usecase.go:42.72,44.2 1 1
forest/usecases/report/report_usecase.go:46.51,48.16 2 1
forest/usecases/report/report_usecase.go:48.16,50.3 1 1
forest/usecases/report/report_usecase.go:51.2,51.19 1 1
forest/usecases/report/report_usecase.go:51.19,53.3 1 0
forest/usecases/report/report_usecase.go:54.2,54.33 1 1
forest/usecases/report/report_usecase.go:54.33,56.3 1 0
forest/usecases/report/report_usecase.go:57.2,57.32 1 1
forest/usecases/report/report_usecase.go:60.92,62.16 2 1
forest/usecases/report/report_usecase.go:62.16,64.3 1 1
forest/usecases/report/report_usecase.go:66.2,66.33 1 1
forest/usecases/report/report_usecase.go:66.33,68.3 1 1
forest/usecases/report/report_usecase.go:70.2,74.16 4 1
forest/usecases/report/report_usecase.go:74.16,76.3 1 1
forest/usecases/report/report_usecase.go:78.2,79.16 2 1
forest/usecases/report/report_usecase.go:79.16,81.3 1 1
forest/usecases/report/report_usecase.go:83.2,83.27 1 1
