mode: set
forest/usecases/user/user_usecase.go:34.81,35.64 1 1
forest/usecases/user/user_usecase.go:35.64,37.3 1 0
forest/usecases/user/user_usecase.go:39.2,39.40 1 1
forest/usecases/user/user_usecase.go:39.40,41.3 1 0
forest/usecases/user/user_usecase.go:43.2,43.28 1 1
forest/usecases/user/user_usecase.go:43.28,45.3 1 0
forest/usecases/user/user_usecase.go:47.2,48.59 2 1
forest/usecases/user/user_usecase.go:48.59,50.3 1 0
forest/usecases/user/user_usecase.go:52.2,52.30 1 1
forest/usecases/user/user_usecase.go:52.30,54.3 1 0
forest/usecases/user/user_usecase.go:56.2,57.16 2 1
forest/usecases/user/user_usecase.go:57.16,59.3 1 0
forest/usecases/user/user_usecase.go:61.2,65.61 2 1
forest/usecases/user/user_usecase.go:65.61,67.3 1 0
forest/usecases/user/user_usecase.go:69.2,69.28 1 1
forest/usecases/user/user_usecase.go:72.81,74.2 1 1
forest/usecases/user/user_usecase.go:76.67,78.2 1 1
forest/usecases/user/user_usecase.go:80.60,82.2 1 0
forest/usecases/user/user_usecase.go:84.65,86.2 1 1
forest/usecases/user/user_usecase.go:88.54,90.16 2 1
forest/usecases/user/user_usecase.go:90.16,92.3 1 0
forest/usecases/user/user_usecase.go:93.2,93.17 1 1
forest/usecases/user/user_usecase.go:93.17,95.3 1 0
forest/usecases/user/user_usecase.go:96.2,96.21 1 1
forest/usecases/user/user_usecase.go:96.21,98.3 1 1
forest/usecases/user/user_usecase.go:100.2,100.12 1 1
forest/usecases/user/user_usecase.go:103.81,105.2 1 1
forest/usecases/user/user_usecase.go:107.70,109.2 1 0
forest/usecases/user/user_usecase.go:111.61,113.2 1 1
forest/usecases/user/user_usecase.go:115.65,118.16 3 1
forest/usecases/user/user_usecase.go:118.16,120.3 1 0
forest/usecases/user/user_usecase.go:121.2,127.16 5 1
forest/usecases/user/user_usecase.go:127.16,129.3 1 1
forest/usecases/user/user_usecase.go:131.2,131.27 1 0
